<?xml version="1.0" encoding="UTF-8" ?>
<testsuite failures="0" time="0.004" errors="0" skipped="0" tests="0" name="com.xpert.test.AnnotationTest">
  <properties>
    <property name="java.runtime.name" value="Java(TM) SE Runtime Environment"/>
    <property name="sun.boot.library.path" value="C:\Program Files\Java\jdk1.6.0_30\jre\bin"/>
    <property name="java.vm.version" value="20.5-b03"/>
    <property name="java.vm.vendor" value="Sun Microsystems Inc."/>
    <property name="java.vendor.url" value="http://java.sun.com/"/>
    <property name="path.separator" value=";"/>
    <property name="java.vm.name" value="Java HotSpot(TM) 64-Bit Server VM"/>
    <property name="file.encoding.pkg" value="sun.io"/>
    <property name="user.country" value="BR"/>
    <property name="sun.java.launcher" value="SUN_STANDARD"/>
    <property name="sun.os.patch.level" value="Service Pack 1"/>
    <property name="java.vm.specification.name" value="Java Virtual Machine Specification"/>
    <property name="user.dir" value="D:\Desenvolvimento\xpert-framework"/>
    <property name="java.runtime.version" value="1.6.0_30-b12"/>
    <property name="java.awt.graphicsenv" value="sun.awt.Win32GraphicsEnvironment"/>
    <property name="basedir" value="D:\Desenvolvimento\xpert-framework"/>
    <property name="java.endorsed.dirs" value="C:\Program Files\Java\jdk1.6.0_30\jre\lib\endorsed"/>
    <property name="os.arch" value="amd64"/>
    <property name="surefire.real.class.path" value="D:\Desenvolvimento\xpert-framework\target\surefire\surefirebooter6818593811686018527.jar"/>
    <property name="java.io.tmpdir" value="C:\Users\Ayslan\AppData\Local\Temp\"/>
    <property name="line.separator" value="
"/>
    <property name="java.vm.specification.vendor" value="Sun Microsystems Inc."/>
    <property name="user.variant" value=""/>
    <property name="os.name" value="Windows 7"/>
    <property name="sun.jnu.encoding" value="Cp1252"/>
    <property name="java.library.path" value="C:\Program Files\Java\jdk1.6.0_30\jre\bin;C:\Windows\Sun\Java\bin;C:\Windows\system32;C:\Windows;C:\Program Files\Common Files\Microsoft Shared\Windows Live;C:\Program Files (x86)\Common Files\Microsoft Shared\Windows Live;C:\Windows\system32;C:\Windows;C:\Windows\System32\Wbem;C:\Windows\System32\WindowsPowerShell\v1.0\;C:\Program Files\WIDCOMM\Bluetooth Software\;C:\Program Files\WIDCOMM\Bluetooth Software\syswow64;C:\Program Files (x86)\ATI Technologies\ATI.ACE\Core-Static;C:\Program Files\Intel\WiFi\bin\;C:\Program Files\Common Files\Intel\WirelessCommon\;C:\Program Files (x86)\Sony\VAIO Startup Setting Tool;C:\Program Files (x86)\Windows Live\Shared;C:\Program Files\TortoiseSVN\bin;C:\Program Files (x86)\Subversion\bin;."/>
    <property name="surefire.test.class.path" value="D:\Desenvolvimento\xpert-framework\target\test-classes;D:\Desenvolvimento\xpert-framework\target\classes;C:\Users\Ayslan\.m2\repository\net\sf\jasperreports\jasperreports\4.1.3\jasperreports-4.1.3.jar;C:\Users\Ayslan\.m2\repository\commons-digester\commons-digester\1.7\commons-digester-1.7.jar;C:\Users\Ayslan\.m2\repository\commons-logging\commons-logging\1.0.2\commons-logging-1.0.2.jar;C:\Users\Ayslan\.m2\repository\com\lowagie\itext\2.1.7\itext-2.1.7.jar;C:\Users\Ayslan\.m2\repository\bouncycastle\bcmail-jdk14\138\bcmail-jdk14-138.jar;C:\Users\Ayslan\.m2\repository\bouncycastle\bcprov-jdk14\138\bcprov-jdk14-138.jar;C:\Users\Ayslan\.m2\repository\org\bouncycastle\bctsp-jdk14\1.38\bctsp-jdk14-1.38.jar;C:\Users\Ayslan\.m2\repository\org\bouncycastle\bcprov-jdk14\1.38\bcprov-jdk14-1.38.jar;C:\Users\Ayslan\.m2\repository\org\bouncycastle\bcmail-jdk14\1.38\bcmail-jdk14-1.38.jar;C:\Users\Ayslan\.m2\repository\jfree\jcommon\1.0.15\jcommon-1.0.15.jar;C:\Users\Ayslan\.m2\repository\jfree\jfreechart\1.0.12\jfreechart-1.0.12.jar;C:\Users\Ayslan\.m2\repository\xml-apis\xml-apis\1.3.02\xml-apis-1.3.02.jar;C:\Users\Ayslan\.m2\repository\eclipse\jdtcore\3.1.0\jdtcore-3.1.0.jar;C:\Users\Ayslan\.m2\repository\org\codehaus\castor\castor\1.2\castor-1.2.jar;C:\Users\Ayslan\.m2\repository\org\apache\poi\poi-ooxml\3.7\poi-ooxml-3.7.jar;C:\Users\Ayslan\.m2\repository\org\apache\poi\poi\3.7\poi-3.7.jar;C:\Users\Ayslan\.m2\repository\org\apache\poi\poi-ooxml-schemas\3.7\poi-ooxml-schemas-3.7.jar;C:\Users\Ayslan\.m2\repository\org\apache\xmlbeans\xmlbeans\2.3.0\xmlbeans-2.3.0.jar;C:\Users\Ayslan\.m2\repository\stax\stax-api\1.0.1\stax-api-1.0.1.jar;C:\Users\Ayslan\.m2\repository\org\apache\geronimo\specs\geronimo-stax-api_1.0_spec\1.0\geronimo-stax-api_1.0_spec-1.0.jar;C:\Users\Ayslan\.m2\repository\org\codehaus\jackson\jackson-core-lgpl\1.7.4\jackson-core-lgpl-1.7.4.jar;C:\Users\Ayslan\.m2\repository\org\codehaus\jackson\jackson-mapper-lgpl\1.7.4\jackson-mapper-lgpl-1.7.4.jar;C:\Users\Ayslan\.m2\repository\commons-beanutils\commons-beanutils\1.7.0\commons-beanutils-1.7.0.jar;C:\Users\Ayslan\.m2\repository\commons-collections\commons-collections\3.2.1\commons-collections-3.2.1.jar;C:\Users\Ayslan\.m2\repository\org\hibernate\hibernate-core\4.0.0.Final\hibernate-core-4.0.0.Final.jar;C:\Users\Ayslan\.m2\repository\antlr\antlr\2.7.7\antlr-2.7.7.jar;C:\Users\Ayslan\.m2\repository\org\jboss\spec\javax\transaction\jboss-transaction-api_1.1_spec\1.0.0.Final\jboss-transaction-api_1.1_spec-1.0.0.Final.jar;C:\Users\Ayslan\.m2\repository\dom4j\dom4j\1.6.1\dom4j-1.6.1.jar;C:\Users\Ayslan\.m2\repository\org\jboss\logging\jboss-logging\3.1.0.CR2\jboss-logging-3.1.0.CR2.jar;C:\Users\Ayslan\.m2\repository\com\fasterxml\classmate\0.5.4\classmate-0.5.4.jar;C:\Users\Ayslan\.m2\repository\org\jboss\jandex\1.0.3.Final\jandex-1.0.3.Final.jar;C:\Users\Ayslan\.m2\repository\org\hibernate\common\hibernate-commons-annotations\4.0.1.Final\hibernate-commons-annotations-4.0.1.Final.jar;C:\Users\Ayslan\.m2\repository\javassist\javassist\3.12.1.GA\javassist-3.12.1.GA.jar;C:\Users\Ayslan\.m2\repository\org\hibernate\hibernate-entitymanager\4.0.0.Final\hibernate-entitymanager-4.0.0.Final.jar;C:\Users\Ayslan\.m2\repository\org\hibernate\javax\persistence\hibernate-jpa-2.0-api\1.0.1.Final\hibernate-jpa-2.0-api-1.0.1.Final.jar;C:\Users\Ayslan\.m2\repository\org\hibernate\hibernate-validator\4.2.0.Final\hibernate-validator-4.2.0.Final.jar;C:\Users\Ayslan\.m2\repository\javax\validation\validation-api\1.0.0.GA\validation-api-1.0.0.GA.jar;C:\Users\Ayslan\.m2\repository\org\slf4j\slf4j-api\1.6.1\slf4j-api-1.6.1.jar;C:\Users\Ayslan\.m2\repository\org\primefaces\primefaces\3.2\primefaces-3.2.jar;C:\Users\Ayslan\.m2\repository\freemarker\freemarker\2.3.8\freemarker-2.3.8.jar;C:\Users\Ayslan\.m2\repository\commons-io\commons-io\2.2\commons-io-2.2.jar;C:\Users\Ayslan\.m2\repository\eu\infomas\annotation-detector\3.0.0\annotation-detector-3.0.0.jar;C:\Users\Ayslan\.m2\repository\javax\javaee-api\6.0\javaee-api-6.0.jar;"/>
    <property name="java.specification.name" value="Java Platform API Specification"/>
    <property name="java.class.version" value="50.0"/>
    <property name="sun.management.compiler" value="HotSpot 64-Bit Tiered Compilers"/>
    <property name="os.version" value="6.1"/>
    <property name="user.home" value="C:\Users\Ayslan"/>
    <property name="user.timezone" value=""/>
    <property name="java.awt.printerjob" value="sun.awt.windows.WPrinterJob"/>
    <property name="java.specification.version" value="1.6"/>
    <property name="file.encoding" value="Cp1252"/>
    <property name="user.name" value="Ayslan"/>
    <property name="java.class.path" value="D:\Desenvolvimento\xpert-framework\target\test-classes;D:\Desenvolvimento\xpert-framework\target\classes;C:\Users\Ayslan\.m2\repository\net\sf\jasperreports\jasperreports\4.1.3\jasperreports-4.1.3.jar;C:\Users\Ayslan\.m2\repository\commons-digester\commons-digester\1.7\commons-digester-1.7.jar;C:\Users\Ayslan\.m2\repository\commons-logging\commons-logging\1.0.2\commons-logging-1.0.2.jar;C:\Users\Ayslan\.m2\repository\com\lowagie\itext\2.1.7\itext-2.1.7.jar;C:\Users\Ayslan\.m2\repository\bouncycastle\bcmail-jdk14\138\bcmail-jdk14-138.jar;C:\Users\Ayslan\.m2\repository\bouncycastle\bcprov-jdk14\138\bcprov-jdk14-138.jar;C:\Users\Ayslan\.m2\repository\org\bouncycastle\bctsp-jdk14\1.38\bctsp-jdk14-1.38.jar;C:\Users\Ayslan\.m2\repository\org\bouncycastle\bcprov-jdk14\1.38\bcprov-jdk14-1.38.jar;C:\Users\Ayslan\.m2\repository\org\bouncycastle\bcmail-jdk14\1.38\bcmail-jdk14-1.38.jar;C:\Users\Ayslan\.m2\repository\jfree\jcommon\1.0.15\jcommon-1.0.15.jar;C:\Users\Ayslan\.m2\repository\jfree\jfreechart\1.0.12\jfreechart-1.0.12.jar;C:\Users\Ayslan\.m2\repository\xml-apis\xml-apis\1.3.02\xml-apis-1.3.02.jar;C:\Users\Ayslan\.m2\repository\eclipse\jdtcore\3.1.0\jdtcore-3.1.0.jar;C:\Users\Ayslan\.m2\repository\org\codehaus\castor\castor\1.2\castor-1.2.jar;C:\Users\Ayslan\.m2\repository\org\apache\poi\poi-ooxml\3.7\poi-ooxml-3.7.jar;C:\Users\Ayslan\.m2\repository\org\apache\poi\poi\3.7\poi-3.7.jar;C:\Users\Ayslan\.m2\repository\org\apache\poi\poi-ooxml-schemas\3.7\poi-ooxml-schemas-3.7.jar;C:\Users\Ayslan\.m2\repository\org\apache\xmlbeans\xmlbeans\2.3.0\xmlbeans-2.3.0.jar;C:\Users\Ayslan\.m2\repository\stax\stax-api\1.0.1\stax-api-1.0.1.jar;C:\Users\Ayslan\.m2\repository\org\apache\geronimo\specs\geronimo-stax-api_1.0_spec\1.0\geronimo-stax-api_1.0_spec-1.0.jar;C:\Users\Ayslan\.m2\repository\org\codehaus\jackson\jackson-core-lgpl\1.7.4\jackson-core-lgpl-1.7.4.jar;C:\Users\Ayslan\.m2\repository\org\codehaus\jackson\jackson-mapper-lgpl\1.7.4\jackson-mapper-lgpl-1.7.4.jar;C:\Users\Ayslan\.m2\repository\commons-beanutils\commons-beanutils\1.7.0\commons-beanutils-1.7.0.jar;C:\Users\Ayslan\.m2\repository\commons-collections\commons-collections\3.2.1\commons-collections-3.2.1.jar;C:\Users\Ayslan\.m2\repository\org\hibernate\hibernate-core\4.0.0.Final\hibernate-core-4.0.0.Final.jar;C:\Users\Ayslan\.m2\repository\antlr\antlr\2.7.7\antlr-2.7.7.jar;C:\Users\Ayslan\.m2\repository\org\jboss\spec\javax\transaction\jboss-transaction-api_1.1_spec\1.0.0.Final\jboss-transaction-api_1.1_spec-1.0.0.Final.jar;C:\Users\Ayslan\.m2\repository\dom4j\dom4j\1.6.1\dom4j-1.6.1.jar;C:\Users\Ayslan\.m2\repository\org\jboss\logging\jboss-logging\3.1.0.CR2\jboss-logging-3.1.0.CR2.jar;C:\Users\Ayslan\.m2\repository\com\fasterxml\classmate\0.5.4\classmate-0.5.4.jar;C:\Users\Ayslan\.m2\repository\org\jboss\jandex\1.0.3.Final\jandex-1.0.3.Final.jar;C:\Users\Ayslan\.m2\repository\org\hibernate\common\hibernate-commons-annotations\4.0.1.Final\hibernate-commons-annotations-4.0.1.Final.jar;C:\Users\Ayslan\.m2\repository\javassist\javassist\3.12.1.GA\javassist-3.12.1.GA.jar;C:\Users\Ayslan\.m2\repository\org\hibernate\hibernate-entitymanager\4.0.0.Final\hibernate-entitymanager-4.0.0.Final.jar;C:\Users\Ayslan\.m2\repository\org\hibernate\javax\persistence\hibernate-jpa-2.0-api\1.0.1.Final\hibernate-jpa-2.0-api-1.0.1.Final.jar;C:\Users\Ayslan\.m2\repository\org\hibernate\hibernate-validator\4.2.0.Final\hibernate-validator-4.2.0.Final.jar;C:\Users\Ayslan\.m2\repository\javax\validation\validation-api\1.0.0.GA\validation-api-1.0.0.GA.jar;C:\Users\Ayslan\.m2\repository\org\slf4j\slf4j-api\1.6.1\slf4j-api-1.6.1.jar;C:\Users\Ayslan\.m2\repository\org\primefaces\primefaces\3.2\primefaces-3.2.jar;C:\Users\Ayslan\.m2\repository\freemarker\freemarker\2.3.8\freemarker-2.3.8.jar;C:\Users\Ayslan\.m2\repository\commons-io\commons-io\2.2\commons-io-2.2.jar;C:\Users\Ayslan\.m2\repository\eu\infomas\annotation-detector\3.0.0\annotation-detector-3.0.0.jar;C:\Users\Ayslan\.m2\repository\javax\javaee-api\6.0\javaee-api-6.0.jar;"/>
    <property name="java.vm.specification.version" value="1.0"/>
    <property name="sun.arch.data.model" value="64"/>
    <property name="java.home" value="C:\Program Files\Java\jdk1.6.0_30\jre"/>
    <property name="sun.java.command" value="D:\Desenvolvimento\xpert-framework\target\surefire\surefirebooter6818593811686018527.jar D:\Desenvolvimento\xpert-framework\target\surefire\surefire5878510952629322499tmp D:\Desenvolvimento\xpert-framework\target\surefire\surefire2913258914905483689tmp"/>
    <property name="java.specification.vendor" value="Sun Microsystems Inc."/>
    <property name="user.language" value="pt"/>
    <property name="awt.toolkit" value="sun.awt.windows.WToolkit"/>
    <property name="java.vm.info" value="mixed mode"/>
    <property name="java.version" value="1.6.0_30"/>
    <property name="java.ext.dirs" value="C:\Program Files\Java\jdk1.6.0_30\jre\lib\ext;C:\Windows\Sun\Java\lib\ext"/>
    <property name="sun.boot.class.path" value="C:\Program Files\Java\jdk1.6.0_30\jre\lib\resources.jar;C:\Program Files\Java\jdk1.6.0_30\jre\lib\rt.jar;C:\Program Files\Java\jdk1.6.0_30\jre\lib\sunrsasign.jar;C:\Program Files\Java\jdk1.6.0_30\jre\lib\jsse.jar;C:\Program Files\Java\jdk1.6.0_30\jre\lib\jce.jar;C:\Program Files\Java\jdk1.6.0_30\jre\lib\charsets.jar;C:\Program Files\Java\jdk1.6.0_30\jre\lib\modules\jdk.boot.jar;C:\Program Files\Java\jdk1.6.0_30\jre\classes"/>
    <property name="java.vendor" value="Sun Microsystems Inc."/>
    <property name="localRepository" value="C:\Users\Ayslan\.m2\repository"/>
    <property name="file.separator" value="\"/>
    <property name="java.vendor.url.bug" value="http://java.sun.com/cgi-bin/bugreport.cgi"/>
    <property name="sun.cpu.endian" value="little"/>
    <property name="sun.io.unicode.encoding" value="UnicodeLittle"/>
    <property name="sun.desktop" value="windows"/>
    <property name="sun.cpu.isalist" value="amd64"/>
  </properties>
</testsuite>